Arguments: 
  C:\Program Files\nodejs\node.exe C:\Users\Here\AppData\Roaming\npm\node_modules\yarn\bin\yarn.js

PATH: 
  C:\Program Files\Common Files\Oracle\Java\javapath;C:\WINDOWS\system32;C:\WINDOWS;C:\WINDOWS\System32\Wbem;C:\WINDOWS\System32\WindowsPowerShell\v1.0\;C:\WINDOWS\System32\OpenSSH\;C:\Program Files\nodejs\;C:\Program Files\Git\cmd;C:\Program Files\dotnet\;C:\Program Files\apache-maven-3.8.6-bin\apache-maven-3.8.6\bin;C:\Program Files\Java\jdk-17\bin;C:\Program Files\Tesseract-OCR;C:\Users\Here\AppData\Local\Programs\Python\Python310\Scripts\;C:\Users\Here\AppData\Local\Programs\Python\Python310\;C:\Users\Here\AppData\Local\Microsoft\WindowsApps;C:\Users\Here\AppData\Roaming\npm;C:\Users\Here\AppData\Local\Programs\Microsoft VS Code\bin;C:\Users\Here\AppData\Local\GitHubDesktop\bin;C:\Users\Here\.dotnet\tools;C:\Program Files\JetBrains\IntelliJ IDEA 2022.1.2\bin;;C:\Program Files\Tesseract-OCR;

Yarn version: 
  1.22.19

Node version: 
  16.17.0

Platform: 
  win32 x64

Trace: 
  Error: https://registry.yarnpkg.com/mongoose: ESOCKETTIMEDOUT
      at ClientRequest.<anonymous> (C:\Users\Here\AppData\Roaming\npm\node_modules\yarn\lib\cli.js:141517:19)
      at Object.onceWrapper (node:events:627:28)
      at ClientRequest.emit (node:events:513:28)
      at TLSSocket.emitRequestTimeout (node:_http_client:814:9)
      at Object.onceWrapper (node:events:627:28)
      at TLSSocket.emit (node:events:525:35)
      at TLSSocket.Socket._onTimeout (node:net:526:8)
      at listOnTimeout (node:internal/timers:559:17)
      at processTimers (node:internal/timers:502:7)

npm manifest: 
  {
    "name": "restfull_vehicle_tracking_ne_backend",
    "version": "1.0.0",
    "description": "",
    "main": "index.js",
    "scripts": {
      "start":"node app.js",
      "test": "echo \"Error: no test specified\" && exit 1"
    },
    "keywords": [],
    "author": "",
    "license": "ISC",
    "dependencies": {
      "bcrypt": "^5.1.0",
      "bcryptjs": "^2.4.3",
      "body-parser": "^1.20.2",
      "cookie-parser": "^1.4.6",
      "cors": "^2.8.5",
      "csurf": "^1.11.0",
      "dotenv": "^16.0.3",
      "express": "^4.18.2",
      "express-mongo-sanitize": "^2.2.0",
      "express-rate-limit": "^6.7.0",
      "helmet": "^7.0.0",
      "hpp": "^0.2.3",
      "joi": "^17.9.2",
      "jsonwebtoken": "^9.0.0",
      "mongoose": "^7.1.0",
      "morgan": "^1.10.0",
      "swagger-ui-express": "^4.1.6",
      "swaggiffy": "^1.0.5",
      "xss": "^1.0.14",
      "xss-clean": "^0.1.1"
    }
  }

yarn manifest: 
  No manifest

Lockfile: 
  No lockfile
